<?xml version="1.0" encoding="UTF-8"?>
<!-- Generated by org.testng.reporters.JUnitReportReporter -->
<testsuite hostname="DESKTOP-VS2LM6M" failures="0" tests="2" name="com.nopcommerce.demo.Testcase_01_Register" time="0.752" errors="0" timestamp="20 Sep 2022 16:41:37 GMT" skipped="0">
  <testcase classname="com.nopcommerce.demo.Testcase_01_Register" name="TC_01_RegisterWithEmptyData" time="0.525"/>
  <testcase classname="com.nopcommerce.demo.Testcase_01_Register" name="TC_01_RegisterWithEmptyData" time="0.227"/>
</testsuite> <!-- com.nopcommerce.demo.Testcase_01_Register -->
